  Activating project at `/app`
Precompiling packages...
┌ Warning: attempting to remove probably stale pidfile
│   path = "/home/jules/.julia/compiled/v1.12/CairoMakie/9mSey_CU9TI.ji.pidfile"
└ @ FileWatching.Pidfile ~/.julia/juliaup/julia-1.12.6+0.x64.linux.gnu/share/julia/stdlib/v1.12/FileWatching/src/pidfile.jl:250
 112833.6 ms  ✓ CairoMakie
  11254.7 ms  ✓ TwoTimescaleResilience
  10894.8 ms  ✓ TwoTimescaleResilience → TwoTimescaleResilienceNCDatasetsExt
  3 dependencies successfully precompiled in 136 seconds. 348 already precompiled.
┌ Warning: Preferred species Abatus cordatus missing from AmP library.
└ @ Main /app/examples/ecotox_amp_multispecies_multicompound_demo.jl:36
┌ Warning: Preferred species Podarcis muralis missing from AmP library.
└ @ Main /app/examples/ecotox_amp_multispecies_multicompound_demo.jl:36
┌ Warning: Preferred species Thalia democratica missing from AmP library.
└ @ Main /app/examples/ecotox_amp_multispecies_multicompound_demo.jl:36
ERROR: LoadError: FieldError: type NamedTuple has no field `F`, available fields: `A`, `lambda`, `amplification`
Stacktrace:
 [1] getproperty
   @ ./Base_compiler.jl:54 [inlined]
 [2] main()
   @ Main /app/examples/ecotox_amp_multispecies_multicompound_demo.jl:220
 [3] top-level scope
   @ /app/examples/ecotox_amp_multispecies_multicompound_demo.jl:287
 [4] include(mod::Module, _path::String)
   @ Base ./Base.jl:306
 [5] exec_options(opts::Base.JLOptions)
   @ Base ./client.jl:317
 [6] _start()
   @ Base ./client.jl:550
in expression starting at /app/examples/ecotox_amp_multispecies_multicompound_demo.jl:287
============================================================
TRANCHE 1: MULTI-SPECIES × MULTI-COMPOUND SCALAR DEMO
============================================================
This demo combines selected ECOTOX taxon-level toxicity records with AmP species-level defense parameters to demonstrate the runtime pipeline. Taxon matching will be refined in later workflows.

--- Selected Species ---
Species: Abatus_cordatus
  A0: 1539.9871108901957
  alpha_axes: (0.0006493560841700461, 0.4250074376301585, 0.77712, 0.22287999999999997)
  lambda_min: 0.00899027004972587
  lambda_max: 0.011568702452292915
  KA: 461.99613326705867
  baseline lambda0: 0.010973679590162058

Species: Abbottina_rivularis
  A0: 3724.3089129148466
  alpha_axes: (0.00026850619091565786, 0.3261259498418289, 0.97055, 0.029449999999999976)
  lambda_min: 0.006400382072856536
  lambda_max: 0.006594592831751622
  KA: 1117.2926738744538
  baseline lambda0: 0.006549774964314295

Species: Ablennes_hians
  A0: 8834.430045897388
  alpha_axes: (0.0001131934935026611, 0.08958085119724807, 0.9964, 0.0036000000000000476)
  lambda_min: 0.0020348228359505873
  lambda_max: 0.0020421746647436645
  KA: 2650.3290137692165
  baseline lambda0: 0.002040478088868339


--- Selected Compound Records ---
CAS Hyphenated: 7647-14-5
CAS Norm:       7647145
Taxon Class:    Actinopterygii
Effect Code:    MOR
Routed DEB:     maintenance
NOEC_median:    8.32
EC50_median:    11.5
n_NOEC:         64
n_EC50:         4

CAS Hyphenated: 7440-43-9
CAS Norm:       7440439
Taxon Class:    Malacostraca
Effect Code:    MOR
Routed DEB:     maintenance
NOEC_median:    9.5
EC50_median:    36.125
n_NOEC:         6
n_EC50:         2

CAS Hyphenated: 7440-50-8
CAS Norm:       7440508
Taxon Class:    Branchiopoda
Effect Code:    MOR
Routed DEB:     maintenance
NOEC_median:    5.0
EC50_median:    17.5
n_NOEC:         9
n_EC50:         12


--- Table 1: Compound stress summary per scenario ---
Scenario    Compound CAS   Effect  Axis           Conc        NOEC        EC50        Active Stress
Baseline    7647-14-5      MOR     maintenance    8.32        8.32        11.5        0.0
Baseline    7440-43-9      MOR     maintenance    9.5         9.5         36.125      0.0
Baseline    7440-50-8      MOR     maintenance    5.0         5.0         17.5        0.0
Moderate    7647-14-5      MOR     maintenance    11.5        8.32        11.5        1.0
Moderate    7440-43-9      MOR     maintenance    36.125      9.5         36.125      1.0
Moderate    7440-50-8      MOR     maintenance    17.5        5.0         17.5        1.0
High        7647-14-5      MOR     maintenance    34.5        8.32        11.5        8.2327
High        7440-43-9      MOR     maintenance    108.375     9.5         36.125      3.7136
High        7440-50-8      MOR     maintenance    52.5        5.0         17.5        3.8

--- Table 2: Aggregated DEB burden per scenario ---
Scenario    Assimilation   Maintenance    Growth         Reproduction
Baseline    0.0            0.0            0.0            0.0
Moderate    0.0            3.0            0.0            0.0
High        0.0            15.7463        0.0            0.0

--- Table 3: Species response per scenario ---
Scenario    Species             A           lambda      Amplification
